<?xml version="1.0" encoding="UTF-8"?>
<!-- Generated by org.testng.reporters.JUnitReportReporter -->
<testsuite hostname="Hareesh" failures="0" tests="1" name="com.rest.api.tests.GetApiTest" time="0.528" errors="0" timestamp="28 Oct 2021 10:59:55 GMT">
  <testcase classname="com.rest.api.tests.GetApiTest" name="getTest" time="0.528"/>
</testsuite> <!-- com.rest.api.tests.GetApiTest -->
