<?xml version="1.0" encoding="UTF-8"?>
<!-- Generated by org.testng.reporters.JUnitReportReporter -->
<testsuite hostname="Hareesh" failures="0" tests="1" name="com.rest.api.tests.GetApiTest" time="1.181" errors="0" timestamp="5 Nov 2021 05:18:43 GMT">
  <testcase classname="com.rest.api.tests.GetApiTest" name="getTest" time="1.181"/>
</testsuite> <!-- com.rest.api.tests.GetApiTest -->
